# JRE version: OpenJDK Runtime Environment (8.0_121-b13) (build 1.8.0_121-8u121-b13-0ubuntu1.16.04.2-b13)
# Java VM: OpenJDK 64-Bit Server VM (25.121-b13 mixed mode linux-amd64 compressed oops)
Heap:
 PSYoungGen      total 139264K, used 77969K [0x000000076d000000, 0x0000000776200000, 0x00000007c0000000)
  eden space 129024K, 60% used [0x000000076d000000,0x0000000771c24638,0x0000000774e00000)
  from space 10240K, 0% used [0x0000000775800000,0x0000000775800000,0x0000000776200000)
  to   space 10240K, 0% used [0x0000000774e00000,0x0000000774e00000,0x0000000775800000)
 ParOldGen       total 112128K, used 5084K [0x00000006c7000000, 0x00000006cdd80000, 0x000000076d000000)
  object space 112128K, 4% used [0x00000006c7000000,0x00000006c74f7370,0x00000006cdd80000)
 Metaspace       used 30318K, capacity 31528K, committed 31744K, reserved 1077248K
  class space    used 3986K, capacity 4254K, committed 4352K, reserved 1048576K
GC Heap History (6 events):
Event: 0.907 GC heap before
{Heap before GC invocations=1 (full 0):
 PSYoungGen      total 74752K, used 64512K [0x000000076d000000, 0x0000000772300000, 0x00000007c0000000)
  eden space 64512K, 100% used [0x000000076d000000,0x0000000770f00000,0x0000000770f00000)
  from space 10240K, 0% used [0x0000000771900000,0x0000000771900000,0x0000000772300000)
  to   space 10240K, 0% used [0x0000000770f00000,0x0000000770f00000,0x0000000771900000)
 ParOldGen       total 171008K, used 0K [0x00000006c7000000, 0x00000006d1700000, 0x000000076d000000)
  object space 171008K, 0% used [0x00000006c7000000,0x00000006c7000000,0x00000006d1700000)
 Metaspace       used 18962K, capacity 19394K, committed 19456K, reserved 1067008K
  class space    used 2405K, capacity 2531K, committed 2560K, reserved 1048576K
Event: 0.917 GC heap after
Heap after GC invocations=1 (full 0):
 PSYoungGen      total 74752K, used 10211K [0x000000076d000000, 0x0000000776200000, 0x00000007c0000000)
  eden space 64512K, 0% used [0x000000076d000000,0x000000076d000000,0x0000000770f00000)
  from space 10240K, 99% used [0x0000000770f00000,0x00000007718f8e10,0x0000000771900000)
  to   space 10240K, 0% used [0x0000000775800000,0x0000000775800000,0x0000000776200000)
 ParOldGen       total 171008K, used 3278K [0x00000006c7000000, 0x00000006d1700000, 0x000000076d000000)
  object space 171008K, 1% used [0x00000006c7000000,0x00000006c7333bc0,0x00000006d1700000)
 Metaspace       used 18962K, capacity 19394K, committed 19456K, reserved 1067008K
  class space    used 2405K, capacity 2531K, committed 2560K, reserved 1048576K
}
Event: 1.209 GC heap before
{Heap before GC invocations=2 (full 0):
 PSYoungGen      total 74752K, used 29482K [0x000000076d000000, 0x0000000776200000, 0x00000007c0000000)
  eden space 64512K, 29% used [0x000000076d000000,0x000000076e2d1d18,0x0000000770f00000)
  from space 10240K, 99% used [0x0000000770f00000,0x00000007718f8e10,0x0000000771900000)
  to   space 10240K, 0% used [0x0000000775800000,0x0000000775800000,0x0000000776200000)
 ParOldGen       total 171008K, used 3278K [0x00000006c7000000, 0x00000006d1700000, 0x000000076d000000)
  object space 171008K, 1% used [0x00000006c7000000,0x00000006c7333bc0,0x00000006d1700000)
 Metaspace       used 20629K, capacity 21174K, committed 21296K, reserved 1069056K
  class space    used 2601K, capacity 2731K, committed 2816K, reserved 1048576K
Event: 1.215 GC heap after
Heap after GC invocations=2 (full 0):
 PSYoungGen      total 139264K, used 5270K [0x000000076d000000, 0x0000000776200000, 0x00000007c0000000)
  eden space 129024K, 0% used [0x000000076d000000,0x000000076d000000,0x0000000774e00000)
  from space 10240K, 51% used [0x0000000775800000,0x0000000775d25a60,0x0000000776200000)
  to   space 10240K, 0% used [0x0000000774e00000,0x0000000774e00000,0x0000000775800000)
 ParOldGen       total 171008K, used 3286K [0x00000006c7000000, 0x00000006d1700000, 0x000000076d000000)
  object space 171008K, 1% used [0x00000006c7000000,0x00000006c7335bc0,0x00000006d1700000)
 Metaspace       used 20629K, capacity 21174K, committed 21296K, reserved 1069056K
  class space    used 2601K, capacity 2731K, committed 2816K, reserved 1048576K
}
Event: 1.215 GC heap before
{Heap before GC invocations=3 (full 1):
 PSYoungGen      total 139264K, used 5270K [0x000000076d000000, 0x0000000776200000, 0x00000007c0000000)
  eden space 129024K, 0% used [0x000000076d000000,0x000000076d000000,0x0000000774e00000)
  from space 10240K, 51% used [0x0000000775800000,0x0000000775d25a60,0x0000000776200000)
  to   space 10240K, 0% used [0x0000000774e00000,0x0000000774e00000,0x0000000775800000)
 ParOldGen       total 171008K, used 3286K [0x00000006c7000000, 0x00000006d1700000, 0x000000076d000000)
  object space 171008K, 1% used [0x00000006c7000000,0x00000006c7335bc0,0x00000006d1700000)
 Metaspace       used 20629K, capacity 21174K, committed 21296K, reserved 1069056K
  class space    used 2601K, capacity 2731K, committed 2816K, reserved 1048576K
Event: 1.244 GC heap after
Heap after GC invocations=3 (full 1):
 PSYoungGen      total 139264K, used 0K [0x000000076d000000, 0x0000000776200000, 0x00000007c0000000)
  eden space 129024K, 0% used [0x000000076d000000,0x000000076d000000,0x0000000774e00000)
  from space 10240K, 0% used [0x0000000775800000,0x0000000775800000,0x0000000776200000)
  to   space 10240K, 0% used [0x0000000774e00000,0x0000000774e00000,0x0000000775800000)
 ParOldGen       total 112128K, used 5084K [0x00000006c7000000, 0x00000006cdd80000, 0x000000076d000000)
  object space 112128K, 4% used [0x00000006c7000000,0x00000006c74f7370,0x00000006cdd80000)
 Metaspace       used 20629K, capacity 21174K, committed 21296K, reserved 1069056K
  class space    used 2601K, capacity 2731K, committed 2816K, reserved 1048576K
}

