# JRE version: OpenJDK Runtime Environment (8.0_121-b13) (build 1.8.0_121-8u121-b13-0ubuntu1.16.04.2-b13)
# Java VM: OpenJDK 64-Bit Server VM (25.121-b13 mixed mode linux-amd64 compressed oops)
Heap:
 PSYoungGen      total 74752K, used 13807K [0x000000076d000000, 0x0000000774080000, 0x00000007c0000000)
  eden space 64512K, 5% used [0x000000076d000000,0x000000076d37d508,0x0000000770f00000)
  from space 10240K, 99% used [0x0000000770f00000,0x00000007718fe960,0x0000000771900000)
  to   space 10240K, 0% used [0x0000000773680000,0x0000000773680000,0x0000000774080000)
 ParOldGen       total 102400K, used 6141K [0x00000006c7000000, 0x00000006cd400000, 0x000000076d000000)
  object space 102400K, 5% used [0x00000006c7000000,0x00000006c75ff568,0x00000006cd400000)
 Metaspace       used 30325K, capacity 31528K, committed 31744K, reserved 1077248K
  class space    used 3984K, capacity 4254K, committed 4352K, reserved 1048576K
GC Heap History (8 events):
Event: 1.430 GC heap before
{Heap before GC invocations=1 (full 0):
 PSYoungGen      total 74752K, used 64512K [0x000000076d000000, 0x0000000772300000, 0x00000007c0000000)
  eden space 64512K, 100% used [0x000000076d000000,0x0000000770f00000,0x0000000770f00000)
  from space 10240K, 0% used [0x0000000771900000,0x0000000771900000,0x0000000772300000)
  to   space 10240K, 0% used [0x0000000770f00000,0x0000000770f00000,0x0000000771900000)
 ParOldGen       total 171008K, used 0K [0x00000006c7000000, 0x00000006d1700000, 0x000000076d000000)
  object space 171008K, 0% used [0x00000006c7000000,0x00000006c7000000,0x00000006d1700000)
 Metaspace       used 18976K, capacity 19398K, committed 19456K, reserved 1067008K
  class space    used 2403K, capacity 2531K, committed 2560K, reserved 1048576K
Event: 1.439 GC heap after
Heap after GC invocations=1 (full 0):
 PSYoungGen      total 74752K, used 10218K [0x000000076d000000, 0x0000000772300000, 0x00000007c0000000)
  eden space 64512K, 0% used [0x000000076d000000,0x000000076d000000,0x0000000770f00000)
  from space 10240K, 99% used [0x0000000770f00000,0x00000007718fab10,0x0000000771900000)
  to   space 10240K, 0% used [0x0000000771900000,0x0000000771900000,0x0000000772300000)
 ParOldGen       total 171008K, used 3192K [0x00000006c7000000, 0x00000006d1700000, 0x000000076d000000)
  object space 171008K, 1% used [0x00000006c7000000,0x00000006c731e1b0,0x00000006d1700000)
 Metaspace       used 18976K, capacity 19398K, committed 19456K, reserved 1067008K
  class space    used 2403K, capacity 2531K, committed 2560K, reserved 1048576K
}
Event: 1.718 GC heap before
{Heap before GC invocations=2 (full 0):
 PSYoungGen      total 74752K, used 26945K [0x000000076d000000, 0x0000000772300000, 0x00000007c0000000)
  eden space 64512K, 25% used [0x000000076d000000,0x000000076e055960,0x0000000770f00000)
  from space 10240K, 99% used [0x0000000770f00000,0x00000007718fab10,0x0000000771900000)
  to   space 10240K, 0% used [0x0000000771900000,0x0000000771900000,0x0000000772300000)
 ParOldGen       total 171008K, used 3192K [0x00000006c7000000, 0x00000006d1700000, 0x000000076d000000)
  object space 171008K, 1% used [0x00000006c7000000,0x00000006c731e1b0,0x00000006d1700000)
 Metaspace       used 20645K, capacity 21172K, committed 21296K, reserved 1069056K
  class space    used 2599K, capacity 2730K, committed 2816K, reserved 1048576K
Event: 1.729 GC heap after
Heap after GC invocations=2 (full 0):
 PSYoungGen      total 74752K, used 5190K [0x000000076d000000, 0x0000000776200000, 0x00000007c0000000)
  eden space 64512K, 0% used [0x000000076d000000,0x000000076d000000,0x0000000770f00000)
  from space 10240K, 50% used [0x0000000771900000,0x0000000771e11a88,0x0000000772300000)
  to   space 10240K, 0% used [0x0000000770f00000,0x0000000770f00000,0x0000000771900000)
 ParOldGen       total 171008K, used 3200K [0x00000006c7000000, 0x00000006d1700000, 0x000000076d000000)
  object space 171008K, 1% used [0x00000006c7000000,0x00000006c73201b0,0x00000006d1700000)
 Metaspace       used 20645K, capacity 21172K, committed 21296K, reserved 1069056K
  class space    used 2599K, capacity 2730K, committed 2816K, reserved 1048576K
}
Event: 1.729 GC heap before
{Heap before GC invocations=3 (full 1):
 PSYoungGen      total 74752K, used 5190K [0x000000076d000000, 0x0000000776200000, 0x00000007c0000000)
  eden space 64512K, 0% used [0x000000076d000000,0x000000076d000000,0x0000000770f00000)
  from space 10240K, 50% used [0x0000000771900000,0x0000000771e11a88,0x0000000772300000)
  to   space 10240K, 0% used [0x0000000770f00000,0x0000000770f00000,0x0000000771900000)
 ParOldGen       total 171008K, used 3200K [0x00000006c7000000, 0x00000006d1700000, 0x000000076d000000)
  object space 171008K, 1% used [0x00000006c7000000,0x00000006c73201b0,0x00000006d1700000)
 Metaspace       used 20645K, capacity 21172K, committed 21296K, reserved 1069056K
  class space    used 2599K, capacity 2730K, committed 2816K, reserved 1048576K
Event: 1.757 GC heap after
Heap after GC invocations=3 (full 1):
 PSYoungGen      total 74752K, used 0K [0x000000076d000000, 0x0000000776200000, 0x00000007c0000000)
  eden space 64512K, 0% used [0x000000076d000000,0x000000076d000000,0x0000000770f00000)
  from space 10240K, 0% used [0x0000000771900000,0x0000000771900000,0x0000000772300000)
  to   space 10240K, 0% used [0x0000000770f00000,0x0000000770f00000,0x0000000771900000)
 ParOldGen       total 102400K, used 5022K [0x00000006c7000000, 0x00000006cd400000, 0x000000076d000000)
  object space 102400K, 4% used [0x00000006c7000000,0x00000006c74e7890,0x00000006cd400000)
 Metaspace       used 20645K, capacity 21172K, committed 21296K, reserved 1069056K
  class space    used 2599K, capacity 2730K, committed 2816K, reserved 1048576K
}
Event: 54.740 GC heap before
{Heap before GC invocations=4 (full 1):
 PSYoungGen      total 74752K, used 64512K [0x000000076d000000, 0x0000000776200000, 0x00000007c0000000)
  eden space 64512K, 100% used [0x000000076d000000,0x0000000770f00000,0x0000000770f00000)
  from space 10240K, 0% used [0x0000000771900000,0x0000000771900000,0x0000000772300000)
  to   space 10240K, 0% used [0x0000000770f00000,0x0000000770f00000,0x0000000771900000)
 ParOldGen       total 102400K, used 5022K [0x00000006c7000000, 0x00000006cd400000, 0x000000076d000000)
  object space 102400K, 4% used [0x00000006c7000000,0x00000006c74e7890,0x00000006cd400000)
 Metaspace       used 30319K, capacity 31528K, committed 31744K, reserved 1077248K
  class space    used 3983K, capacity 4254K, committed 4352K, reserved 1048576K
Event: 54.747 GC heap after
Heap after GC invocations=4 (full 1):
 PSYoungGen      total 74752K, used 10234K [0x000000076d000000, 0x0000000774080000, 0x00000007c0000000)
  eden space 64512K, 0% used [0x000000076d000000,0x000000076d000000,0x0000000770f00000)
  from space 10240K, 99% used [0x0000000770f00000,0x00000007718fe960,0x0000000771900000)
  to   space 10240K, 0% used [0x0000000773680000,0x0000000773680000,0x0000000774080000)
 ParOldGen       total 102400K, used 6141K [0x00000006c7000000, 0x00000006cd400000, 0x000000076d000000)
  object space 102400K, 5% used [0x00000006c7000000,0x00000006c75ff568,0x00000006cd400000)
 Metaspace       used 30319K, capacity 31528K, committed 31744K, reserved 1077248K
  class space    used 3983K, capacity 4254K, committed 4352K, reserved 1048576K
}

