# JRE version: OpenJDK Runtime Environment (8.0_121-b13) (build 1.8.0_121-8u121-b13-0ubuntu1.16.04.2-b13)
# Java VM: OpenJDK 64-Bit Server VM (25.121-b13 mixed mode linux-amd64 compressed oops)
Heap:
 PSYoungGen      total 74752K, used 19137K [0x000000076d000000, 0x0000000773780000, 0x00000007c0000000)
  eden space 64512K, 13% used [0x000000076d000000,0x000000076d8b0478,0x0000000770f00000)
  from space 10240K, 99% used [0x0000000770f00000,0x00000007718fffc8,0x0000000771900000)
  to   space 10240K, 0% used [0x0000000772d80000,0x0000000772d80000,0x0000000773780000)
 ParOldGen       total 111616K, used 6214K [0x00000006c7000000, 0x00000006cdd00000, 0x000000076d000000)
  object space 111616K, 5% used [0x00000006c7000000,0x00000006c7611a58,0x00000006cdd00000)
 Metaspace       used 31168K, capacity 32368K, committed 32640K, reserved 1077248K
  class space    used 4090K, capacity 4360K, committed 4480K, reserved 1048576K
GC Heap History (8 events):
Event: 0.979 GC heap before
{Heap before GC invocations=1 (full 0):
 PSYoungGen      total 74752K, used 64512K [0x000000076d000000, 0x0000000772300000, 0x00000007c0000000)
  eden space 64512K, 100% used [0x000000076d000000,0x0000000770f00000,0x0000000770f00000)
  from space 10240K, 0% used [0x0000000771900000,0x0000000771900000,0x0000000772300000)
  to   space 10240K, 0% used [0x0000000770f00000,0x0000000770f00000,0x0000000771900000)
 ParOldGen       total 171008K, used 0K [0x00000006c7000000, 0x00000006d1700000, 0x000000076d000000)
  object space 171008K, 0% used [0x00000006c7000000,0x00000006c7000000,0x00000006d1700000)
 Metaspace       used 18950K, capacity 19398K, committed 19456K, reserved 1067008K
  class space    used 2402K, capacity 2531K, committed 2560K, reserved 1048576K
Event: 0.987 GC heap after
Heap after GC invocations=1 (full 0):
 PSYoungGen      total 74752K, used 10237K [0x000000076d000000, 0x0000000772300000, 0x00000007c0000000)
  eden space 64512K, 0% used [0x000000076d000000,0x000000076d000000,0x0000000770f00000)
  from space 10240K, 99% used [0x0000000770f00000,0x00000007718ff4a8,0x0000000771900000)
  to   space 10240K, 0% used [0x0000000771900000,0x0000000771900000,0x0000000772300000)
 ParOldGen       total 171008K, used 3255K [0x00000006c7000000, 0x00000006d1700000, 0x000000076d000000)
  object space 171008K, 1% used [0x00000006c7000000,0x00000006c732de28,0x00000006d1700000)
 Metaspace       used 18950K, capacity 19398K, committed 19456K, reserved 1067008K
  class space    used 2402K, capacity 2531K, committed 2560K, reserved 1048576K
}
Event: 1.267 GC heap before
{Heap before GC invocations=2 (full 0):
 PSYoungGen      total 74752K, used 28858K [0x000000076d000000, 0x0000000772300000, 0x00000007c0000000)
  eden space 64512K, 28% used [0x000000076d000000,0x000000076e22f6d8,0x0000000770f00000)
  from space 10240K, 99% used [0x0000000770f00000,0x00000007718ff4a8,0x0000000771900000)
  to   space 10240K, 0% used [0x0000000771900000,0x0000000771900000,0x0000000772300000)
 ParOldGen       total 171008K, used 3255K [0x00000006c7000000, 0x00000006d1700000, 0x000000076d000000)
  object space 171008K, 1% used [0x00000006c7000000,0x00000006c732de28,0x00000006d1700000)
 Metaspace       used 20619K, capacity 21110K, committed 21248K, reserved 1067008K
  class space    used 2600K, capacity 2731K, committed 2816K, reserved 1048576K
Event: 1.274 GC heap after
Heap after GC invocations=2 (full 0):
 PSYoungGen      total 74752K, used 5315K [0x000000076d000000, 0x0000000776200000, 0x00000007c0000000)
  eden space 64512K, 0% used [0x000000076d000000,0x000000076d000000,0x0000000770f00000)
  from space 10240K, 51% used [0x0000000771900000,0x0000000771e30fc8,0x0000000772300000)
  to   space 10240K, 0% used [0x0000000770f00000,0x0000000770f00000,0x0000000771900000)
 ParOldGen       total 171008K, used 3263K [0x00000006c7000000, 0x00000006d1700000, 0x000000076d000000)
  object space 171008K, 1% used [0x00000006c7000000,0x00000006c732fe28,0x00000006d1700000)
 Metaspace       used 20619K, capacity 21110K, committed 21248K, reserved 1067008K
  class space    used 2600K, capacity 2731K, committed 2816K, reserved 1048576K
}
Event: 1.274 GC heap before
{Heap before GC invocations=3 (full 1):
 PSYoungGen      total 74752K, used 5315K [0x000000076d000000, 0x0000000776200000, 0x00000007c0000000)
  eden space 64512K, 0% used [0x000000076d000000,0x000000076d000000,0x0000000770f00000)
  from space 10240K, 51% used [0x0000000771900000,0x0000000771e30fc8,0x0000000772300000)
  to   space 10240K, 0% used [0x0000000770f00000,0x0000000770f00000,0x0000000771900000)
 ParOldGen       total 171008K, used 3263K [0x00000006c7000000, 0x00000006d1700000, 0x000000076d000000)
  object space 171008K, 1% used [0x00000006c7000000,0x00000006c732fe28,0x00000006d1700000)
 Metaspace       used 20619K, capacity 21110K, committed 21248K, reserved 1067008K
  class space    used 2600K, capacity 2731K, committed 2816K, reserved 1048576K
Event: 1.303 GC heap after
Heap after GC invocations=3 (full 1):
 PSYoungGen      total 74752K, used 0K [0x000000076d000000, 0x0000000776200000, 0x00000007c0000000)
  eden space 64512K, 0% used [0x000000076d000000,0x000000076d000000,0x0000000770f00000)
  from space 10240K, 0% used [0x0000000771900000,0x0000000771900000,0x0000000772300000)
  to   space 10240K, 0% used [0x0000000770f00000,0x0000000770f00000,0x0000000771900000)
 ParOldGen       total 111616K, used 5085K [0x00000006c7000000, 0x00000006cdd00000, 0x000000076d000000)
  object space 111616K, 4% used [0x00000006c7000000,0x00000006c74f7508,0x00000006cdd00000)
 Metaspace       used 20619K, capacity 21110K, committed 21248K, reserved 1067008K
  class space    used 2600K, capacity 2731K, committed 2816K, reserved 1048576K
}
Event: 47.239 GC heap before
{Heap before GC invocations=4 (full 1):
 PSYoungGen      total 74752K, used 64512K [0x000000076d000000, 0x0000000776200000, 0x00000007c0000000)
  eden space 64512K, 100% used [0x000000076d000000,0x0000000770f00000,0x0000000770f00000)
  from space 10240K, 0% used [0x0000000771900000,0x0000000771900000,0x0000000772300000)
  to   space 10240K, 0% used [0x0000000770f00000,0x0000000770f00000,0x0000000771900000)
 ParOldGen       total 111616K, used 5085K [0x00000006c7000000, 0x00000006cdd00000, 0x000000076d000000)
  object space 111616K, 4% used [0x00000006c7000000,0x00000006c74f7508,0x00000006cdd00000)
 Metaspace       used 30321K, capacity 31526K, committed 31744K, reserved 1077248K
  class space    used 3984K, capacity 4253K, committed 4352K, reserved 1048576K
Event: 47.256 GC heap after
Heap after GC invocations=4 (full 1):
 PSYoungGen      total 74752K, used 10239K [0x000000076d000000, 0x0000000773780000, 0x00000007c0000000)
  eden space 64512K, 0% used [0x000000076d000000,0x000000076d000000,0x0000000770f00000)
  from space 10240K, 99% used [0x0000000770f00000,0x00000007718fffc8,0x0000000771900000)
  to   space 10240K, 0% used [0x0000000772d80000,0x0000000772d80000,0x0000000773780000)
 ParOldGen       total 111616K, used 6214K [0x00000006c7000000, 0x00000006cdd00000, 0x000000076d000000)
  object space 111616K, 5% used [0x00000006c7000000,0x00000006c7611a58,0x00000006cdd00000)
 Metaspace       used 30321K, capacity 31526K, committed 31744K, reserved 1077248K
  class space    used 3984K, capacity 4253K, committed 4352K, reserved 1048576K
}

