# JRE version: OpenJDK Runtime Environment (8.0_121-b13) (build 1.8.0_121-8u121-b13-0ubuntu1.16.04.2-b13)
# Java VM: OpenJDK 64-Bit Server VM (25.121-b13 mixed mode linux-amd64 compressed oops)
Heap:
 PSYoungGen      total 74752K, used 11253K [0x000000076d000000, 0x0000000773900000, 0x00000007c0000000)
  eden space 64512K, 1% used [0x000000076d000000,0x000000076d0fd8a0,0x0000000770f00000)
  from space 10240K, 99% used [0x0000000770f00000,0x00000007718ffe20,0x0000000771900000)
  to   space 10240K, 0% used [0x0000000772f00000,0x0000000772f00000,0x0000000773900000)
 ParOldGen       total 110080K, used 6386K [0x00000006c7000000, 0x00000006cdb80000, 0x000000076d000000)
  object space 110080K, 5% used [0x00000006c7000000,0x00000006c763c850,0x00000006cdb80000)
 Metaspace       used 30505K, capacity 31694K, committed 32000K, reserved 1077248K
  class space    used 4000K, capacity 4287K, committed 4352K, reserved 1048576K
GC Heap History (8 events):
Event: 1.031 GC heap before
{Heap before GC invocations=1 (full 0):
 PSYoungGen      total 74752K, used 64512K [0x000000076d000000, 0x0000000772300000, 0x00000007c0000000)
  eden space 64512K, 100% used [0x000000076d000000,0x0000000770f00000,0x0000000770f00000)
  from space 10240K, 0% used [0x0000000771900000,0x0000000771900000,0x0000000772300000)
  to   space 10240K, 0% used [0x0000000770f00000,0x0000000770f00000,0x0000000771900000)
 ParOldGen       total 171008K, used 0K [0x00000006c7000000, 0x00000006d1700000, 0x000000076d000000)
  object space 171008K, 0% used [0x00000006c7000000,0x00000006c7000000,0x00000006d1700000)
 Metaspace       used 18954K, capacity 19398K, committed 19456K, reserved 1067008K
  class space    used 2405K, capacity 2531K, committed 2560K, reserved 1048576K
Event: 1.040 GC heap after
Heap after GC invocations=1 (full 0):
 PSYoungGen      total 74752K, used 10233K [0x000000076d000000, 0x0000000772300000, 0x00000007c0000000)
  eden space 64512K, 0% used [0x000000076d000000,0x000000076d000000,0x0000000770f00000)
  from space 10240K, 99% used [0x0000000770f00000,0x00000007718fe7a8,0x0000000771900000)
  to   space 10240K, 0% used [0x0000000771900000,0x0000000771900000,0x0000000772300000)
 ParOldGen       total 171008K, used 3213K [0x00000006c7000000, 0x00000006d1700000, 0x000000076d000000)
  object space 171008K, 1% used [0x00000006c7000000,0x00000006c7323778,0x00000006d1700000)
 Metaspace       used 18954K, capacity 19398K, committed 19456K, reserved 1067008K
  class space    used 2405K, capacity 2531K, committed 2560K, reserved 1048576K
}
Event: 1.315 GC heap before
{Heap before GC invocations=2 (full 0):
 PSYoungGen      total 74752K, used 29510K [0x000000076d000000, 0x0000000772300000, 0x00000007c0000000)
  eden space 64512K, 29% used [0x000000076d000000,0x000000076e2d31a0,0x0000000770f00000)
  from space 10240K, 99% used [0x0000000770f00000,0x00000007718fe7a8,0x0000000771900000)
  to   space 10240K, 0% used [0x0000000771900000,0x0000000771900000,0x0000000772300000)
 ParOldGen       total 171008K, used 3213K [0x00000006c7000000, 0x00000006d1700000, 0x000000076d000000)
  object space 171008K, 1% used [0x00000006c7000000,0x00000006c7323778,0x00000006d1700000)
 Metaspace       used 20689K, capacity 21170K, committed 21296K, reserved 1069056K
  class space    used 2605K, capacity 2731K, committed 2816K, reserved 1048576K
Event: 1.323 GC heap after
Heap after GC invocations=2 (full 0):
 PSYoungGen      total 74752K, used 5332K [0x000000076d000000, 0x0000000776200000, 0x00000007c0000000)
  eden space 64512K, 0% used [0x000000076d000000,0x000000076d000000,0x0000000770f00000)
  from space 10240K, 52% used [0x0000000771900000,0x0000000771e35270,0x0000000772300000)
  to   space 10240K, 0% used [0x0000000770f00000,0x0000000770f00000,0x0000000771900000)
 ParOldGen       total 171008K, used 3221K [0x00000006c7000000, 0x00000006d1700000, 0x000000076d000000)
  object space 171008K, 1% used [0x00000006c7000000,0x00000006c7325778,0x00000006d1700000)
 Metaspace       used 20689K, capacity 21170K, committed 21296K, reserved 1069056K
  class space    used 2605K, capacity 2731K, committed 2816K, reserved 1048576K
}
Event: 1.323 GC heap before
{Heap before GC invocations=3 (full 1):
 PSYoungGen      total 74752K, used 5332K [0x000000076d000000, 0x0000000776200000, 0x00000007c0000000)
  eden space 64512K, 0% used [0x000000076d000000,0x000000076d000000,0x0000000770f00000)
  from space 10240K, 52% used [0x0000000771900000,0x0000000771e35270,0x0000000772300000)
  to   space 10240K, 0% used [0x0000000770f00000,0x0000000770f00000,0x0000000771900000)
 ParOldGen       total 171008K, used 3221K [0x00000006c7000000, 0x00000006d1700000, 0x000000076d000000)
  object space 171008K, 1% used [0x00000006c7000000,0x00000006c7325778,0x00000006d1700000)
 Metaspace       used 20689K, capacity 21170K, committed 21296K, reserved 1069056K
  class space    used 2605K, capacity 2731K, committed 2816K, reserved 1048576K
Event: 1.351 GC heap after
Heap after GC invocations=3 (full 1):
 PSYoungGen      total 74752K, used 0K [0x000000076d000000, 0x0000000776200000, 0x00000007c0000000)
  eden space 64512K, 0% used [0x000000076d000000,0x000000076d000000,0x0000000770f00000)
  from space 10240K, 0% used [0x0000000771900000,0x0000000771900000,0x0000000772300000)
  to   space 10240K, 0% used [0x0000000770f00000,0x0000000770f00000,0x0000000771900000)
 ParOldGen       total 110080K, used 5129K [0x00000006c7000000, 0x00000006cdb80000, 0x000000076d000000)
  object space 110080K, 4% used [0x00000006c7000000,0x00000006c7502658,0x00000006cdb80000)
 Metaspace       used 20689K, capacity 21170K, committed 21296K, reserved 1069056K
  class space    used 2605K, capacity 2731K, committed 2816K, reserved 1048576K
}
Event: 938.778 GC heap before
{Heap before GC invocations=4 (full 1):
 PSYoungGen      total 74752K, used 64512K [0x000000076d000000, 0x0000000776200000, 0x00000007c0000000)
  eden space 64512K, 100% used [0x000000076d000000,0x0000000770f00000,0x0000000770f00000)
  from space 10240K, 0% used [0x0000000771900000,0x0000000771900000,0x0000000772300000)
  to   space 10240K, 0% used [0x0000000770f00000,0x0000000770f00000,0x0000000771900000)
 ParOldGen       total 110080K, used 5129K [0x00000006c7000000, 0x00000006cdb80000, 0x000000076d000000)
  object space 110080K, 4% used [0x00000006c7000000,0x00000006c7502658,0x00000006cdb80000)
 Metaspace       used 30500K, capacity 31694K, committed 32000K, reserved 1077248K
  class space    used 4000K, capacity 4287K, committed 4352K, reserved 1048576K
Event: 938.792 GC heap after
Heap after GC invocations=4 (full 1):
 PSYoungGen      total 74752K, used 10239K [0x000000076d000000, 0x0000000773900000, 0x00000007c0000000)
  eden space 64512K, 0% used [0x000000076d000000,0x000000076d000000,0x0000000770f00000)
  from space 10240K, 99% used [0x0000000770f00000,0x00000007718ffe20,0x0000000771900000)
  to   space 10240K, 0% used [0x0000000772f00000,0x0000000772f00000,0x0000000773900000)
 ParOldGen       total 110080K, used 6386K [0x00000006c7000000, 0x00000006cdb80000, 0x000000076d000000)
  object space 110080K, 5% used [0x00000006c7000000,0x00000006c763c850,0x00000006cdb80000)
 Metaspace       used 30500K, capacity 31694K, committed 32000K, reserved 1077248K
  class space    used 4000K, capacity 4287K, committed 4352K, reserved 1048576K
}

